<?xml version="1.0" encoding="UTF-8"?>
<testsuite name="CSVStateCensusAnalyserTest" tests="1" skipped="0" failures="0" errors="0" timestamp="2019-12-09T03:47:46" hostname="admin1-H110M-H" time="0.093">
  <properties/>
  <testcase name="giveStateCodeFile_CheckHeader_ShouldThrowException" classname="CSVStateCensusAnalyserTest" time="0.093"/>
  <system-out><![CDATA[Exception :No Such Header in File
]]></system-out>
  <system-err><![CDATA[]]></system-err>
</testsuite>
