<?xml version="1.0" encoding="UTF-8"?>
<testsuite name="CSVStateCensusAnalyserTest" tests="1" skipped="0" failures="0" errors="0" timestamp="2019-12-09T03:42:32" hostname="admin1-H110M-H" time="0.085">
  <properties/>
  <testcase name="giveStateCodeFile_CheckDelimiter_ShouldThrowException" classname="CSVStateCensusAnalyserTest" time="0.085"/>
  <system-out><![CDATA[]]></system-out>
  <system-err><![CDATA[]]></system-err>
</testsuite>
